Using pre-set license
Built from '2020.3/staging' branch; Version is '2020.3.9f1 (108be757e447) revision 1084391'; Using compiler version '192528614'; Build Type 'Release'
OS: 'Windows 10 Home; OS build 22000.493; Version 2009; 64bit' Language: 'en' Physical Memory: 16126 MB
BatchMode: 1, IsHumanControllingUs: 0, StartBugReporterOnCrash: 0, Is64bit: 1, IsPro: 0

 COMMAND LINE ARGUMENTS:
C:\Program Files\Unity\Hub\Editor\2020.3.9f1\Editor\Unity.exe
-adb2
-batchMode
-noUpm
-name
AssetImportWorker0
-projectPath
C:/Users/salva/Desktop/FMP/FPS_online
-logFile
Logs/AssetImportWorker0.log
-srvPort
49792
Successfully changed project path to: C:/Users/salva/Desktop/FMP/FPS_online
C:/Users/salva/Desktop/FMP/FPS_online
Using Asset Import Pipeline V2.
Refreshing native plugins compatible for Editor in 32.54 ms, found 0 plugins.
Preloading 0 native plugins for Editor in 0.00 ms.
Initialize engine version: 2020.3.9f1 (108be757e447)
[Subsystems] Discovering subsystems at path C:/Program Files/Unity/Hub/Editor/2020.3.9f1/Editor/Data/Resources/UnitySubsystems
[Subsystems] Discovering subsystems at path C:/Users/salva/Desktop/FMP/FPS_online/Assets
GfxDevice: creating device client; threaded=0
Direct3D:
    Version:  Direct3D 11.0 [level 11.1]
    Renderer: NVIDIA GeForce RTX 3060 Laptop GPU (ID=0x2560)
    Vendor:   
    VRAM:     6023 MB
    Driver:   30.0.15.1123
Shader 'WFX/Transparent Specular': fallback shader 'Particles/Alpha Blended' not found
Shader 'WFX/Transparent Diffuse': fallback shader 'Particles/Alpha Blended' not found
Initialize mono
Mono path[0] = 'C:/Program Files/Unity/Hub/Editor/2020.3.9f1/Editor/Data/Managed'
Mono path[1] = 'C:/Program Files/Unity/Hub/Editor/2020.3.9f1/Editor/Data/MonoBleedingEdge/lib/mono/unityjit'
Mono config path = 'C:/Program Files/Unity/Hub/Editor/2020.3.9f1/Editor/Data/MonoBleedingEdge/etc'
Using monoOptions --debugger-agent=transport=dt_socket,embedding=1,server=y,suspend=n,address=127.0.0.1:56168
Begin MonoManager ReloadAssembly
Registering precompiled unity dll's ...
Register platform support module: C:/Program Files/Unity/Hub/Editor/2020.3.9f1/Editor/Data/PlaybackEngines/WindowsStandaloneSupport/UnityEditor.WindowsStandalone.Extensions.dll
Registered in 0.000816 seconds.
Native extension for WindowsStandalone target not found
Refreshing native plugins compatible for Editor in 33.16 ms, found 0 plugins.
Preloading 0 native plugins for Editor in 0.00 ms.
Mono: successfully reloaded assembly
- Completed reload, in  0.706 seconds
Platform modules already initialized, skipping
Registering precompiled user dll's ...
Registered in 0.001346 seconds.
Begin MonoManager ReloadAssembly
Native extension for WindowsStandalone target not found
Refreshing native plugins compatible for Editor in 0.39 ms, found 0 plugins.
Preloading 0 native plugins for Editor in 0.00 ms.
Mono: successfully reloaded assembly
- Completed reload, in  0.603 seconds
Platform modules already initialized, skipping
========================================================================
Worker process is ready to serve import requests
Shader 'WFX/Transparent Diffuse': fallback shader 'Particles/Alpha Blended' not found
Shader 'WFX/Transparent Specular': fallback shader 'Particles/Alpha Blended' not found
Launched and connected shader compiler UnityShaderCompiler.exe after 0.03 seconds
Refreshing native plugins compatible for Editor in 0.40 ms, found 0 plugins.
Preloading 0 native plugins for Editor in 0.00 ms.
Unloading 1592 Unused Serialized files (Serialized files now loaded: 0)
System memory in use before: 175.7 MB.
System memory in use after: 175.7 MB.

Unloading 16 unused Assets to reduce memory usage. Loaded Objects now: 2061.
Total: 1.564400 ms (FindLiveObjects: 0.123400 ms CreateObjectMapping: 0.026700 ms MarkObjects: 1.294900 ms  DeleteObjects: 0.118200 ms)

========================================================================
Received Import Request.
  path: Assets/Character/PLAYER.prefab
  artifactKey: Guid(c480a373f1c56dd4781ce965d7c50c5f) Importer(815301076,1909f56bfc062723c751e8b465ee728b)
Start importing Assets/Character/PLAYER.prefab using Guid(c480a373f1c56dd4781ce965d7c50c5f) Importer(815301076,1909f56bfc062723c751e8b465ee728b)  -> (artifact id: 'a3878617f108cd90cd46f04d04377814') in 0.289414 seconds
  Import took 0.294932 seconds .

========================================================================
Received Prepare
Registering precompiled user dll's ...
Registered in 0.241806 seconds.
Begin MonoManager ReloadAssembly
Native extension for WindowsStandalone target not found
Refreshing native plugins compatible for Editor in 0.41 ms, found 0 plugins.
Preloading 0 native plugins for Editor in 0.00 ms.
Mono: successfully reloaded assembly
- Completed reload, in  5.043 seconds
Platform modules already initialized, skipping
Shader 'WFX/Transparent Diffuse': fallback shader 'Particles/Alpha Blended' not found
Shader 'WFX/Transparent Specular': fallback shader 'Particles/Alpha Blended' not found
Refreshing native plugins compatible for Editor in 0.46 ms, found 0 plugins.
Preloading 0 native plugins for Editor in 0.00 ms.
Unloading 1534 Unused Serialized files (Serialized files now loaded: 0)
System memory in use before: 187.2 MB.
System memory in use after: 187.3 MB.

Unloading 10 unused Assets to reduce memory usage. Loaded Objects now: 2074.
Total: 1.541500 ms (FindLiveObjects: 0.122100 ms CreateObjectMapping: 0.027300 ms MarkObjects: 1.293300 ms  DeleteObjects: 0.097700 ms)

========================================================================
Received Prepare
Registering precompiled user dll's ...
Registered in 0.001943 seconds.
Begin MonoManager ReloadAssembly
Native extension for WindowsStandalone target not found
Refreshing native plugins compatible for Editor in 0.46 ms, found 0 plugins.
Preloading 0 native plugins for Editor in 0.00 ms.
Mono: successfully reloaded assembly
- Completed reload, in  0.648 seconds
Platform modules already initialized, skipping
Shader 'WFX/Transparent Diffuse': fallback shader 'Particles/Alpha Blended' not found
Shader 'WFX/Transparent Specular': fallback shader 'Particles/Alpha Blended' not found
Refreshing native plugins compatible for Editor in 0.47 ms, found 0 plugins.
Preloading 0 native plugins for Editor in 0.00 ms.
Unloading 1534 Unused Serialized files (Serialized files now loaded: 0)
System memory in use before: 187.3 MB.
System memory in use after: 187.3 MB.

Unloading 10 unused Assets to reduce memory usage. Loaded Objects now: 2078.
Total: 1.473500 ms (FindLiveObjects: 0.125900 ms CreateObjectMapping: 0.029300 ms MarkObjects: 1.227000 ms  DeleteObjects: 0.090200 ms)

========================================================================
Received Import Request.
  Time since last request: 337.999249 seconds.
  path: Assets/Scenes/FirstPersonController.unity
  artifactKey: Guid(027f5cc008e2f1c4890f37dc49486b55) Importer(815301076,1909f56bfc062723c751e8b465ee728b)
Start importing Assets/Scenes/FirstPersonController.unity using Guid(027f5cc008e2f1c4890f37dc49486b55) Importer(815301076,1909f56bfc062723c751e8b465ee728b)  -> (artifact id: 'a7f89894af9336244d83ed01d2611012') in 0.048868 seconds
  Import took 0.051342 seconds .

========================================================================
Received Prepare
Registering precompiled user dll's ...
Registered in 0.002684 seconds.
Begin MonoManager ReloadAssembly
Native extension for WindowsStandalone target not found
Refreshing native plugins compatible for Editor in 0.51 ms, found 0 plugins.
Preloading 0 native plugins for Editor in 0.00 ms.
Mono: successfully reloaded assembly
- Completed reload, in  0.659 seconds
Platform modules already initialized, skipping
Shader 'WFX/Transparent Diffuse': fallback shader 'Particles/Alpha Blended' not found
Shader 'WFX/Transparent Specular': fallback shader 'Particles/Alpha Blended' not found
Refreshing native plugins compatible for Editor in 0.50 ms, found 0 plugins.
Preloading 0 native plugins for Editor in 0.00 ms.
Unloading 1534 Unused Serialized files (Serialized files now loaded: 0)
System memory in use before: 187.3 MB.
System memory in use after: 187.4 MB.

Unloading 10 unused Assets to reduce memory usage. Loaded Objects now: 2082.
Total: 2.024600 ms (FindLiveObjects: 0.143800 ms CreateObjectMapping: 0.030000 ms MarkObjects: 1.754000 ms  DeleteObjects: 0.095800 ms)

========================================================================
Received Prepare
Registering precompiled user dll's ...
Registered in 0.002059 seconds.
Begin MonoManager ReloadAssembly
Native extension for WindowsStandalone target not found
Refreshing native plugins compatible for Editor in 0.41 ms, found 0 plugins.
Preloading 0 native plugins for Editor in 0.00 ms.
Mono: successfully reloaded assembly
- Completed reload, in  0.679 seconds
Platform modules already initialized, skipping
Shader 'WFX/Transparent Diffuse': fallback shader 'Particles/Alpha Blended' not found
Shader 'WFX/Transparent Specular': fallback shader 'Particles/Alpha Blended' not found
Refreshing native plugins compatible for Editor in 0.62 ms, found 0 plugins.
Preloading 0 native plugins for Editor in 0.00 ms.
Unloading 1534 Unused Serialized files (Serialized files now loaded: 0)
System memory in use before: 187.3 MB.
System memory in use after: 187.4 MB.

Unloading 10 unused Assets to reduce memory usage. Loaded Objects now: 2086.
Total: 2.222700 ms (FindLiveObjects: 0.154800 ms CreateObjectMapping: 0.067300 ms MarkObjects: 1.852300 ms  DeleteObjects: 0.147300 ms)

========================================================================
Received Prepare
Registering precompiled user dll's ...
Registered in 0.001409 seconds.
Begin MonoManager ReloadAssembly
Native extension for WindowsStandalone target not found
Refreshing native plugins compatible for Editor in 0.51 ms, found 0 plugins.
Preloading 0 native plugins for Editor in 0.00 ms.
Mono: successfully reloaded assembly
- Completed reload, in  0.632 seconds
Platform modules already initialized, skipping
Shader 'WFX/Transparent Diffuse': fallback shader 'Particles/Alpha Blended' not found
Shader 'WFX/Transparent Specular': fallback shader 'Particles/Alpha Blended' not found
Refreshing native plugins compatible for Editor in 0.42 ms, found 0 plugins.
Preloading 0 native plugins for Editor in 0.00 ms.
Unloading 1534 Unused Serialized files (Serialized files now loaded: 0)
System memory in use before: 187.3 MB.
System memory in use after: 187.4 MB.

Unloading 10 unused Assets to reduce memory usage. Loaded Objects now: 2090.
Total: 1.610100 ms (FindLiveObjects: 0.129500 ms CreateObjectMapping: 0.029900 ms MarkObjects: 1.358500 ms  DeleteObjects: 0.091400 ms)

========================================================================
Received Prepare
Registering precompiled user dll's ...
Registered in 0.001934 seconds.
Begin MonoManager ReloadAssembly
Native extension for WindowsStandalone target not found
Refreshing native plugins compatible for Editor in 0.54 ms, found 0 plugins.
Preloading 0 native plugins for Editor in 0.00 ms.
Mono: successfully reloaded assembly
- Completed reload, in  0.659 seconds
Platform modules already initialized, skipping
Shader 'WFX/Transparent Diffuse': fallback shader 'Particles/Alpha Blended' not found
Shader 'WFX/Transparent Specular': fallback shader 'Particles/Alpha Blended' not found
Refreshing native plugins compatible for Editor in 0.50 ms, found 0 plugins.
Preloading 0 native plugins for Editor in 0.00 ms.
Unloading 1534 Unused Serialized files (Serialized files now loaded: 0)
System memory in use before: 187.3 MB.
System memory in use after: 187.4 MB.

Unloading 10 unused Assets to reduce memory usage. Loaded Objects now: 2094.
Total: 1.668700 ms (FindLiveObjects: 0.132900 ms CreateObjectMapping: 0.028100 ms MarkObjects: 1.400600 ms  DeleteObjects: 0.106100 ms)

========================================================================
Received Prepare
Registering precompiled user dll's ...
Registered in 0.001798 seconds.
Begin MonoManager ReloadAssembly
Native extension for WindowsStandalone target not found
Refreshing native plugins compatible for Editor in 1.06 ms, found 0 plugins.
Preloading 0 native plugins for Editor in 0.00 ms.
Mono: successfully reloaded assembly
- Completed reload, in  0.731 seconds
Platform modules already initialized, skipping
Shader 'WFX/Transparent Diffuse': fallback shader 'Particles/Alpha Blended' not found
Shader 'WFX/Transparent Specular': fallback shader 'Particles/Alpha Blended' not found
Refreshing native plugins compatible for Editor in 0.46 ms, found 0 plugins.
Preloading 0 native plugins for Editor in 0.00 ms.
Unloading 1534 Unused Serialized files (Serialized files now loaded: 0)
System memory in use before: 187.3 MB.
System memory in use after: 187.4 MB.

Unloading 10 unused Assets to reduce memory usage. Loaded Objects now: 2098.
Total: 2.279900 ms (FindLiveObjects: 0.175300 ms CreateObjectMapping: 0.033600 ms MarkObjects: 1.966300 ms  DeleteObjects: 0.103400 ms)

========================================================================
Received Prepare
Registering precompiled user dll's ...
Registered in 0.001907 seconds.
Begin MonoManager ReloadAssembly
Native extension for WindowsStandalone target not found
Refreshing native plugins compatible for Editor in 0.46 ms, found 0 plugins.
Preloading 0 native plugins for Editor in 0.00 ms.
Mono: successfully reloaded assembly
- Completed reload, in  0.632 seconds
Platform modules already initialized, skipping
Shader 'WFX/Transparent Diffuse': fallback shader 'Particles/Alpha Blended' not found
Shader 'WFX/Transparent Specular': fallback shader 'Particles/Alpha Blended' not found
Refreshing native plugins compatible for Editor in 0.44 ms, found 0 plugins.
Preloading 0 native plugins for Editor in 0.00 ms.
Unloading 1534 Unused Serialized files (Serialized files now loaded: 0)
System memory in use before: 187.3 MB.
System memory in use after: 187.4 MB.

Unloading 10 unused Assets to reduce memory usage. Loaded Objects now: 2102.
Total: 1.525800 ms (FindLiveObjects: 0.173300 ms CreateObjectMapping: 0.041800 ms MarkObjects: 1.216400 ms  DeleteObjects: 0.093500 ms)

========================================================================
Received Prepare
Registering precompiled user dll's ...
Registered in 0.001476 seconds.
Begin MonoManager ReloadAssembly
Native extension for WindowsStandalone target not found
Refreshing native plugins compatible for Editor in 0.40 ms, found 0 plugins.
Preloading 0 native plugins for Editor in 0.00 ms.
Mono: successfully reloaded assembly
- Completed reload, in  0.630 seconds
Platform modules already initialized, skipping
Shader 'WFX/Transparent Diffuse': fallback shader 'Particles/Alpha Blended' not found
Shader 'WFX/Transparent Specular': fallback shader 'Particles/Alpha Blended' not found
Refreshing native plugins compatible for Editor in 0.42 ms, found 0 plugins.
Preloading 0 native plugins for Editor in 0.00 ms.
Unloading 1534 Unused Serialized files (Serialized files now loaded: 0)
System memory in use before: 187.3 MB.
System memory in use after: 187.4 MB.

Unloading 10 unused Assets to reduce memory usage. Loaded Objects now: 2106.
Total: 1.559900 ms (FindLiveObjects: 0.118800 ms CreateObjectMapping: 0.030200 ms MarkObjects: 1.328300 ms  DeleteObjects: 0.081700 ms)

========================================================================
Received Prepare
Registering precompiled user dll's ...
Registered in 0.001486 seconds.
Begin MonoManager ReloadAssembly
Native extension for WindowsStandalone target not found
Refreshing native plugins compatible for Editor in 0.43 ms, found 0 plugins.
Preloading 0 native plugins for Editor in 0.00 ms.
Mono: successfully reloaded assembly
- Completed reload, in  0.649 seconds
Platform modules already initialized, skipping
Shader 'WFX/Transparent Diffuse': fallback shader 'Particles/Alpha Blended' not found
Shader 'WFX/Transparent Specular': fallback shader 'Particles/Alpha Blended' not found
Refreshing native plugins compatible for Editor in 0.42 ms, found 0 plugins.
Preloading 0 native plugins for Editor in 0.00 ms.
Unloading 1534 Unused Serialized files (Serialized files now loaded: 0)
System memory in use before: 187.3 MB.
System memory in use after: 187.4 MB.

Unloading 10 unused Assets to reduce memory usage. Loaded Objects now: 2110.
Total: 1.483900 ms (FindLiveObjects: 0.123500 ms CreateObjectMapping: 0.031500 ms MarkObjects: 1.244200 ms  DeleteObjects: 0.084000 ms)

========================================================================
Received Prepare
Registering precompiled user dll's ...
Registered in 0.001350 seconds.
Begin MonoManager ReloadAssembly
Native extension for WindowsStandalone target not found
Refreshing native plugins compatible for Editor in 0.44 ms, found 0 plugins.
Preloading 0 native plugins for Editor in 0.00 ms.
Mono: successfully reloaded assembly
- Completed reload, in  0.602 seconds
Platform modules already initialized, skipping
Shader 'WFX/Transparent Diffuse': fallback shader 'Particles/Alpha Blended' not found
Shader 'WFX/Transparent Specular': fallback shader 'Particles/Alpha Blended' not found
Refreshing native plugins compatible for Editor in 0.42 ms, found 0 plugins.
Preloading 0 native plugins for Editor in 0.00 ms.
Unloading 1534 Unused Serialized files (Serialized files now loaded: 0)
System memory in use before: 187.4 MB.
System memory in use after: 187.4 MB.

Unloading 10 unused Assets to reduce memory usage. Loaded Objects now: 2114.
Total: 1.498600 ms (FindLiveObjects: 0.123600 ms CreateObjectMapping: 0.033800 ms MarkObjects: 1.256700 ms  DeleteObjects: 0.083900 ms)

========================================================================
Received Import Request.
  Time since last request: 2252.429198 seconds.
  path: Assets/Character/PLAYER.prefab
  artifactKey: Guid(c480a373f1c56dd4781ce965d7c50c5f) Importer(815301076,1909f56bfc062723c751e8b465ee728b)
Start importing Assets/Character/PLAYER.prefab using Guid(c480a373f1c56dd4781ce965d7c50c5f) Importer(815301076,1909f56bfc062723c751e8b465ee728b)  -> (artifact id: 'eab3382a48b7cb9560bd2ed847a810ee') in 0.499351 seconds
  Import took 0.506189 seconds .

========================================================================
Received Prepare
Registering precompiled user dll's ...
Registered in 0.001276 seconds.
Begin MonoManager ReloadAssembly
Native extension for WindowsStandalone target not found
Refreshing native plugins compatible for Editor in 0.57 ms, found 0 plugins.
Preloading 0 native plugins for Editor in 0.00 ms.
Mono: successfully reloaded assembly
- Completed reload, in  0.628 seconds
Platform modules already initialized, skipping
Shader 'WFX/Transparent Diffuse': fallback shader 'Particles/Alpha Blended' not found
Shader 'WFX/Transparent Specular': fallback shader 'Particles/Alpha Blended' not found
Refreshing native plugins compatible for Editor in 0.47 ms, found 0 plugins.
Preloading 0 native plugins for Editor in 0.00 ms.
Unloading 1534 Unused Serialized files (Serialized files now loaded: 0)
System memory in use before: 187.4 MB.
System memory in use after: 187.5 MB.

Unloading 10 unused Assets to reduce memory usage. Loaded Objects now: 2119.
Total: 1.930300 ms (FindLiveObjects: 0.145400 ms CreateObjectMapping: 0.028200 ms MarkObjects: 1.666700 ms  DeleteObjects: 0.089100 ms)

========================================================================
Received Import Request.
  Time since last request: 6.726320 seconds.
  path: Assets/Character/PLAYER.prefab
  artifactKey: Guid(c480a373f1c56dd4781ce965d7c50c5f) Importer(815301076,1909f56bfc062723c751e8b465ee728b)
Start importing Assets/Character/PLAYER.prefab using Guid(c480a373f1c56dd4781ce965d7c50c5f) Importer(815301076,1909f56bfc062723c751e8b465ee728b)  -> (artifact id: '27e1e20238b554f1177f69f9459d7eff') in 0.197345 seconds
  Import took 0.203972 seconds .

========================================================================
Received Prepare
Registering precompiled user dll's ...
Registered in 0.001239 seconds.
Begin MonoManager ReloadAssembly
Native extension for WindowsStandalone target not found
Refreshing native plugins compatible for Editor in 0.73 ms, found 0 plugins.
Preloading 0 native plugins for Editor in 0.00 ms.
Mono: successfully reloaded assembly
- Completed reload, in  0.680 seconds
Platform modules already initialized, skipping
Shader 'WFX/Transparent Diffuse': fallback shader 'Particles/Alpha Blended' not found
Shader 'WFX/Transparent Specular': fallback shader 'Particles/Alpha Blended' not found
Refreshing native plugins compatible for Editor in 0.44 ms, found 0 plugins.
Preloading 0 native plugins for Editor in 0.00 ms.
Unloading 1534 Unused Serialized files (Serialized files now loaded: 0)
System memory in use before: 187.4 MB.
System memory in use after: 187.5 MB.

Unloading 10 unused Assets to reduce memory usage. Loaded Objects now: 2124.
Total: 1.562300 ms (FindLiveObjects: 0.132300 ms CreateObjectMapping: 0.033300 ms MarkObjects: 1.303600 ms  DeleteObjects: 0.092300 ms)

========================================================================
Received Import Request.
  Time since last request: 109.776925 seconds.
  path: Assets/Prefabs/Bullet.prefab
  artifactKey: Guid(ceea856c5647867459518eb829060766) Importer(815301076,1909f56bfc062723c751e8b465ee728b)
Start importing Assets/Prefabs/Bullet.prefab using Guid(ceea856c5647867459518eb829060766) Importer(815301076,1909f56bfc062723c751e8b465ee728b)  -> (artifact id: '77ee06e1df61b427b770c67f44d0b97f') in 0.060052 seconds
  Import took 0.062725 seconds .

========================================================================
Received Import Request.
  Time since last request: 0.003533 seconds.
  path: Assets/Prefabs/Bullet.prefab
  artifactKey: Guid(ceea856c5647867459518eb829060766) Importer(815301076,1909f56bfc062723c751e8b465ee728b)
Start importing Assets/Prefabs/Bullet.prefab using Guid(ceea856c5647867459518eb829060766) Importer(815301076,1909f56bfc062723c751e8b465ee728b)  -> (artifact id: '77ee06e1df61b427b770c67f44d0b97f') in 0.009896 seconds
  Import took 0.012322 seconds .

========================================================================
Received Prepare
Registering precompiled user dll's ...
Registered in 0.001422 seconds.
Begin MonoManager ReloadAssembly
Native extension for WindowsStandalone target not found
Refreshing native plugins compatible for Editor in 0.39 ms, found 0 plugins.
Preloading 0 native plugins for Editor in 0.00 ms.
Mono: successfully reloaded assembly
- Completed reload, in  0.539 seconds
Platform modules already initialized, skipping
Shader 'WFX/Transparent Diffuse': fallback shader 'Particles/Alpha Blended' not found
Shader 'WFX/Transparent Specular': fallback shader 'Particles/Alpha Blended' not found
Refreshing native plugins compatible for Editor in 0.58 ms, found 0 plugins.
Preloading 0 native plugins for Editor in 0.00 ms.
Unloading 1534 Unused Serialized files (Serialized files now loaded: 0)
System memory in use before: 187.4 MB.
System memory in use after: 187.5 MB.

Unloading 10 unused Assets to reduce memory usage. Loaded Objects now: 2129.
Total: 2.407600 ms (FindLiveObjects: 0.157400 ms CreateObjectMapping: 0.030900 ms MarkObjects: 2.070800 ms  DeleteObjects: 0.146900 ms)

========================================================================
Received Import Request.
  Time since last request: 6.880470 seconds.
  path: Assets/Prefabs/Bullet.prefab
  artifactKey: Guid(ceea856c5647867459518eb829060766) Importer(815301076,1909f56bfc062723c751e8b465ee728b)
Start importing Assets/Prefabs/Bullet.prefab using Guid(ceea856c5647867459518eb829060766) Importer(815301076,1909f56bfc062723c751e8b465ee728b)  -> (artifact id: 'a38c9335386e9ccbb5fcd7929ff6d83f') in 0.052506 seconds
  Import took 0.055370 seconds .

========================================================================
Received Import Request.
  Time since last request: 1.665115 seconds.
  path: Assets/Prefabs/Bullet.prefab
  artifactKey: Guid(ceea856c5647867459518eb829060766) Importer(815301076,1909f56bfc062723c751e8b465ee728b)
Start importing Assets/Prefabs/Bullet.prefab using Guid(ceea856c5647867459518eb829060766) Importer(815301076,1909f56bfc062723c751e8b465ee728b)  -> (artifact id: 'a8ccb41fa50621f45e7809ca5c826b2b') in 0.009356 seconds
  Import took 0.011976 seconds .

========================================================================
Received Import Request.
  Time since last request: 1.937785 seconds.
  path: Assets/Hands_Weapons_Animations_Pack_Update/Effects/Automatic_rifle/VFX/Prefabs/Fn_Scar.prefab
  artifactKey: Guid(43ab0ca5d42daf04a99c67697d0e9414) Importer(815301076,1909f56bfc062723c751e8b465ee728b)
Start importing Assets/Hands_Weapons_Animations_Pack_Update/Effects/Automatic_rifle/VFX/Prefabs/Fn_Scar.prefab using Guid(43ab0ca5d42daf04a99c67697d0e9414) Importer(815301076,1909f56bfc062723c751e8b465ee728b)  -> (artifact id: '9fd200a6b70b5516553faa587a09df02') in 0.013400 seconds
  Import took 0.017122 seconds .

========================================================================
Received Import Request.
  Time since last request: 0.004994 seconds.
  path: Assets/Hands_Weapons_Animations_Pack_Update/Effects/Automatic_rifle/VFX/Prefabs/Fn_Scar.prefab
  artifactKey: Guid(43ab0ca5d42daf04a99c67697d0e9414) Importer(815301076,1909f56bfc062723c751e8b465ee728b)
Start importing Assets/Hands_Weapons_Animations_Pack_Update/Effects/Automatic_rifle/VFX/Prefabs/Fn_Scar.prefab using Guid(43ab0ca5d42daf04a99c67697d0e9414) Importer(815301076,1909f56bfc062723c751e8b465ee728b)  -> (artifact id: '9fd200a6b70b5516553faa587a09df02') in 0.005367 seconds
  Import took 0.008730 seconds .

========================================================================
Received Prepare
Registering precompiled user dll's ...
Registered in 0.001324 seconds.
Begin MonoManager ReloadAssembly
Native extension for WindowsStandalone target not found
Refreshing native plugins compatible for Editor in 0.44 ms, found 0 plugins.
Preloading 0 native plugins for Editor in 0.00 ms.
Mono: successfully reloaded assembly
- Completed reload, in  0.637 seconds
Platform modules already initialized, skipping
Shader 'WFX/Transparent Diffuse': fallback shader 'Particles/Alpha Blended' not found
Shader 'WFX/Transparent Specular': fallback shader 'Particles/Alpha Blended' not found
Refreshing native plugins compatible for Editor in 0.44 ms, found 0 plugins.
Preloading 0 native plugins for Editor in 0.00 ms.
Unloading 1534 Unused Serialized files (Serialized files now loaded: 0)
System memory in use before: 187.4 MB.
System memory in use after: 187.5 MB.

Unloading 10 unused Assets to reduce memory usage. Loaded Objects now: 2134.
Total: 1.582000 ms (FindLiveObjects: 0.128300 ms CreateObjectMapping: 0.029800 ms MarkObjects: 1.333800 ms  DeleteObjects: 0.089100 ms)

========================================================================
Received Import Request.
  Time since last request: 8.270792 seconds.
  path: Assets/Hands_Weapons_Animations_Pack_Update/Effects/Automatic_rifle/VFX/Prefabs/Fn_Scar.prefab
  artifactKey: Guid(43ab0ca5d42daf04a99c67697d0e9414) Importer(815301076,1909f56bfc062723c751e8b465ee728b)
Start importing Assets/Hands_Weapons_Animations_Pack_Update/Effects/Automatic_rifle/VFX/Prefabs/Fn_Scar.prefab using Guid(43ab0ca5d42daf04a99c67697d0e9414) Importer(815301076,1909f56bfc062723c751e8b465ee728b)  -> (artifact id: 'fe6aa36fa110a9d1f9ea0973a436e270') in 0.029861 seconds
  Import took 0.033675 seconds .

========================================================================
Received Import Request.
  Time since last request: 4331.087292 seconds.
  path: Assets/Character/Rifle/Prefabs/rifle.prefab
  artifactKey: Guid(9a21925963ad72641b17d3da3e0c173f) Importer(815301076,1909f56bfc062723c751e8b465ee728b)
Start importing Assets/Character/Rifle/Prefabs/rifle.prefab using Guid(9a21925963ad72641b17d3da3e0c173f) Importer(815301076,1909f56bfc062723c751e8b465ee728b)  -> (artifact id: 'f704e8c8b10ffd44dc600eec804821a6') in 0.082753 seconds
  Import took 0.086113 seconds .

========================================================================
Received Prepare
Registering precompiled user dll's ...
Registered in 0.002220 seconds.
Begin MonoManager ReloadAssembly
Native extension for WindowsStandalone target not found
Refreshing native plugins compatible for Editor in 0.43 ms, found 0 plugins.
Preloading 0 native plugins for Editor in 0.00 ms.
Mono: successfully reloaded assembly
- Completed reload, in  0.625 seconds
Platform modules already initialized, skipping
Shader 'WFX/Transparent Diffuse': fallback shader 'Particles/Alpha Blended' not found
Shader 'WFX/Transparent Specular': fallback shader 'Particles/Alpha Blended' not found
Refreshing native plugins compatible for Editor in 0.60 ms, found 0 plugins.
Preloading 0 native plugins for Editor in 0.00 ms.
Unloading 1534 Unused Serialized files (Serialized files now loaded: 0)
System memory in use before: 187.5 MB.
System memory in use after: 187.5 MB.

Unloading 10 unused Assets to reduce memory usage. Loaded Objects now: 2139.
Total: 1.698000 ms (FindLiveObjects: 0.125100 ms CreateObjectMapping: 0.028800 ms MarkObjects: 1.423100 ms  DeleteObjects: 0.120200 ms)

========================================================================
Received Import Request.
  Time since last request: 153.258312 seconds.
  path: Assets/Character/PLAYER.prefab
  artifactKey: Guid(c480a373f1c56dd4781ce965d7c50c5f) Importer(815301076,1909f56bfc062723c751e8b465ee728b)
Start importing Assets/Character/PLAYER.prefab using Guid(c480a373f1c56dd4781ce965d7c50c5f) Importer(815301076,1909f56bfc062723c751e8b465ee728b)  -> (artifact id: '0203209655c1e78d57a21445cd5db7fa') in 0.221641 seconds
  Import took 0.229136 seconds .

========================================================================
Received Prepare
Registering precompiled user dll's ...
Registered in 0.001439 seconds.
Begin MonoManager ReloadAssembly
Native extension for WindowsStandalone target not found
Refreshing native plugins compatible for Editor in 0.41 ms, found 0 plugins.
Preloading 0 native plugins for Editor in 0.00 ms.
Mono: successfully reloaded assembly
- Completed reload, in  0.567 seconds
Platform modules already initialized, skipping
Shader 'WFX/Transparent Diffuse': fallback shader 'Particles/Alpha Blended' not found
Shader 'WFX/Transparent Specular': fallback shader 'Particles/Alpha Blended' not found
Refreshing native plugins compatible for Editor in 0.41 ms, found 0 plugins.
Preloading 0 native plugins for Editor in 0.00 ms.
Unloading 1534 Unused Serialized files (Serialized files now loaded: 0)
System memory in use before: 187.5 MB.
System memory in use after: 187.5 MB.

Unloading 10 unused Assets to reduce memory usage. Loaded Objects now: 2144.
Total: 1.474600 ms (FindLiveObjects: 0.139600 ms CreateObjectMapping: 0.027200 ms MarkObjects: 1.211600 ms  DeleteObjects: 0.094900 ms)

========================================================================
Received Prepare
Registering precompiled user dll's ...
Registered in 0.001457 seconds.
Begin MonoManager ReloadAssembly
Native extension for WindowsStandalone target not found
Refreshing native plugins compatible for Editor in 0.39 ms, found 0 plugins.
Preloading 0 native plugins for Editor in 0.00 ms.
Mono: successfully reloaded assembly
- Completed reload, in  0.622 seconds
Platform modules already initialized, skipping
Shader 'WFX/Transparent Diffuse': fallback shader 'Particles/Alpha Blended' not found
Shader 'WFX/Transparent Specular': fallback shader 'Particles/Alpha Blended' not found
Refreshing native plugins compatible for Editor in 0.41 ms, found 0 plugins.
Preloading 0 native plugins for Editor in 0.00 ms.
Unloading 1534 Unused Serialized files (Serialized files now loaded: 0)
System memory in use before: 187.5 MB.
System memory in use after: 187.6 MB.

Unloading 10 unused Assets to reduce memory usage. Loaded Objects now: 2148.
Total: 1.610000 ms (FindLiveObjects: 0.124500 ms CreateObjectMapping: 0.028100 ms MarkObjects: 1.369100 ms  DeleteObjects: 0.087600 ms)

========================================================================
Received Prepare
Registering precompiled user dll's ...
Registered in 0.001414 seconds.
Begin MonoManager ReloadAssembly
Native extension for WindowsStandalone target not found
Refreshing native plugins compatible for Editor in 0.44 ms, found 0 plugins.
Preloading 0 native plugins for Editor in 0.00 ms.
Mono: successfully reloaded assembly
- Completed reload, in  0.618 seconds
Platform modules already initialized, skipping
Shader 'WFX/Transparent Diffuse': fallback shader 'Particles/Alpha Blended' not found
Shader 'WFX/Transparent Specular': fallback shader 'Particles/Alpha Blended' not found
Refreshing native plugins compatible for Editor in 0.41 ms, found 0 plugins.
Preloading 0 native plugins for Editor in 0.00 ms.
Unloading 1534 Unused Serialized files (Serialized files now loaded: 0)
System memory in use before: 187.5 MB.
System memory in use after: 187.6 MB.

Unloading 10 unused Assets to reduce memory usage. Loaded Objects now: 2152.
Total: 1.523900 ms (FindLiveObjects: 0.127800 ms CreateObjectMapping: 0.027700 ms MarkObjects: 1.243800 ms  DeleteObjects: 0.123400 ms)

========================================================================
Received Prepare
Registering precompiled user dll's ...
Registered in 0.003798 seconds.
Begin MonoManager ReloadAssembly
Native extension for WindowsStandalone target not found
Refreshing native plugins compatible for Editor in 0.41 ms, found 0 plugins.
Preloading 0 native plugins for Editor in 0.00 ms.
Mono: successfully reloaded assembly
- Completed reload, in  0.589 seconds
Platform modules already initialized, skipping
Shader 'WFX/Transparent Diffuse': fallback shader 'Particles/Alpha Blended' not found
Shader 'WFX/Transparent Specular': fallback shader 'Particles/Alpha Blended' not found
Refreshing native plugins compatible for Editor in 0.43 ms, found 0 plugins.
Preloading 0 native plugins for Editor in 0.00 ms.
Unloading 1534 Unused Serialized files (Serialized files now loaded: 0)
System memory in use before: 187.5 MB.
System memory in use after: 187.6 MB.

Unloading 10 unused Assets to reduce memory usage. Loaded Objects now: 2156.
Total: 1.468100 ms (FindLiveObjects: 0.131000 ms CreateObjectMapping: 0.049500 ms MarkObjects: 1.202200 ms  DeleteObjects: 0.084700 ms)

========================================================================
Received Prepare
Registering precompiled user dll's ...
Registered in 0.001355 seconds.
Begin MonoManager ReloadAssembly
Native extension for WindowsStandalone target not found
Refreshing native plugins compatible for Editor in 0.53 ms, found 0 plugins.
Preloading 0 native plugins for Editor in 0.00 ms.
Mono: successfully reloaded assembly
- Completed reload, in  0.628 seconds
Platform modules already initialized, skipping
Shader 'WFX/Transparent Diffuse': fallback shader 'Particles/Alpha Blended' not found
Shader 'WFX/Transparent Specular': fallback shader 'Particles/Alpha Blended' not found
Refreshing native plugins compatible for Editor in 0.41 ms, found 0 plugins.
Preloading 0 native plugins for Editor in 0.00 ms.
Unloading 1534 Unused Serialized files (Serialized files now loaded: 0)
System memory in use before: 187.5 MB.
System memory in use after: 187.6 MB.

Unloading 10 unused Assets to reduce memory usage. Loaded Objects now: 2160.
Total: 1.444300 ms (FindLiveObjects: 0.131600 ms CreateObjectMapping: 0.027700 ms MarkObjects: 1.196900 ms  DeleteObjects: 0.087200 ms)

========================================================================
Received Prepare
Registering precompiled user dll's ...
Registered in 0.001355 seconds.
Begin MonoManager ReloadAssembly
Native extension for WindowsStandalone target not found
Refreshing native plugins compatible for Editor in 0.41 ms, found 0 plugins.
Preloading 0 native plugins for Editor in 0.00 ms.
Mono: successfully reloaded assembly
- Completed reload, in  0.644 seconds
Platform modules already initialized, skipping
Shader 'WFX/Transparent Diffuse': fallback shader 'Particles/Alpha Blended' not found
Shader 'WFX/Transparent Specular': fallback shader 'Particles/Alpha Blended' not found
Refreshing native plugins compatible for Editor in 0.62 ms, found 0 plugins.
Preloading 0 native plugins for Editor in 0.00 ms.
Unloading 1534 Unused Serialized files (Serialized files now loaded: 0)
System memory in use before: 187.5 MB.
System memory in use after: 187.6 MB.

Unloading 10 unused Assets to reduce memory usage. Loaded Objects now: 2164.
Total: 1.965200 ms (FindLiveObjects: 0.207800 ms CreateObjectMapping: 0.044200 ms MarkObjects: 1.586400 ms  DeleteObjects: 0.125100 ms)

========================================================================
Received Prepare
Registering precompiled user dll's ...
Registered in 0.001695 seconds.
Begin MonoManager ReloadAssembly
Native extension for WindowsStandalone target not found
Refreshing native plugins compatible for Editor in 0.41 ms, found 0 plugins.
Preloading 0 native plugins for Editor in 0.00 ms.
Mono: successfully reloaded assembly
- Completed reload, in  0.605 seconds
Platform modules already initialized, skipping
Shader 'WFX/Transparent Diffuse': fallback shader 'Particles/Alpha Blended' not found
Shader 'WFX/Transparent Specular': fallback shader 'Particles/Alpha Blended' not found
Refreshing native plugins compatible for Editor in 0.42 ms, found 0 plugins.
Preloading 0 native plugins for Editor in 0.00 ms.
Unloading 1534 Unused Serialized files (Serialized files now loaded: 0)
System memory in use before: 187.5 MB.
System memory in use after: 187.6 MB.

Unloading 10 unused Assets to reduce memory usage. Loaded Objects now: 2168.
Total: 1.536600 ms (FindLiveObjects: 0.130800 ms CreateObjectMapping: 0.026100 ms MarkObjects: 1.286100 ms  DeleteObjects: 0.092700 ms)

========================================================================
Received Prepare
Registering precompiled user dll's ...
Registered in 0.002184 seconds.
Begin MonoManager ReloadAssembly
Native extension for WindowsStandalone target not found
Refreshing native plugins compatible for Editor in 0.66 ms, found 0 plugins.
Preloading 0 native plugins for Editor in 0.00 ms.
Mono: successfully reloaded assembly
- Completed reload, in  0.590 seconds
Platform modules already initialized, skipping
Shader 'WFX/Transparent Diffuse': fallback shader 'Particles/Alpha Blended' not found
Shader 'WFX/Transparent Specular': fallback shader 'Particles/Alpha Blended' not found
Refreshing native plugins compatible for Editor in 0.45 ms, found 0 plugins.
Preloading 0 native plugins for Editor in 0.00 ms.
Unloading 1534 Unused Serialized files (Serialized files now loaded: 0)
System memory in use before: 187.5 MB.
System memory in use after: 187.6 MB.

Unloading 10 unused Assets to reduce memory usage. Loaded Objects now: 2172.
Total: 1.495400 ms (FindLiveObjects: 0.137900 ms CreateObjectMapping: 0.031200 ms MarkObjects: 1.230200 ms  DeleteObjects: 0.095200 ms)

========================================================================
Received Prepare
Registering precompiled user dll's ...
Registered in 0.001606 seconds.
Begin MonoManager ReloadAssembly
Native extension for WindowsStandalone target not found
Refreshing native plugins compatible for Editor in 0.40 ms, found 0 plugins.
Preloading 0 native plugins for Editor in 0.00 ms.
Mono: successfully reloaded assembly
- Completed reload, in  0.640 seconds
Platform modules already initialized, skipping
Shader 'WFX/Transparent Diffuse': fallback shader 'Particles/Alpha Blended' not found
Shader 'WFX/Transparent Specular': fallback shader 'Particles/Alpha Blended' not found
Refreshing native plugins compatible for Editor in 0.46 ms, found 0 plugins.
Preloading 0 native plugins for Editor in 0.00 ms.
Unloading 1534 Unused Serialized files (Serialized files now loaded: 0)
System memory in use before: 187.5 MB.
System memory in use after: 187.6 MB.

Unloading 10 unused Assets to reduce memory usage. Loaded Objects now: 2176.
Total: 1.474300 ms (FindLiveObjects: 0.154400 ms CreateObjectMapping: 0.027200 ms MarkObjects: 1.207400 ms  DeleteObjects: 0.084500 ms)

========================================================================
Received Prepare
Registering precompiled user dll's ...
Registered in 0.002132 seconds.
Begin MonoManager ReloadAssembly
Native extension for WindowsStandalone target not found
Refreshing native plugins compatible for Editor in 0.46 ms, found 0 plugins.
Preloading 0 native plugins for Editor in 0.00 ms.
Mono: successfully reloaded assembly
- Completed reload, in  0.619 seconds
Platform modules already initialized, skipping
Shader 'WFX/Transparent Diffuse': fallback shader 'Particles/Alpha Blended' not found
Shader 'WFX/Transparent Specular': fallback shader 'Particles/Alpha Blended' not found
Refreshing native plugins compatible for Editor in 0.43 ms, found 0 plugins.
Preloading 0 native plugins for Editor in 0.00 ms.
Unloading 1534 Unused Serialized files (Serialized files now loaded: 0)
System memory in use before: 187.5 MB.
System memory in use after: 187.6 MB.

Unloading 10 unused Assets to reduce memory usage. Loaded Objects now: 2180.
Total: 1.618800 ms (FindLiveObjects: 0.126400 ms CreateObjectMapping: 0.032800 ms MarkObjects: 1.353000 ms  DeleteObjects: 0.106000 ms)

========================================================================
Received Prepare
Registering precompiled user dll's ...
Registered in 0.001802 seconds.
Begin MonoManager ReloadAssembly
Native extension for WindowsStandalone target not found
Refreshing native plugins compatible for Editor in 0.46 ms, found 0 plugins.
Preloading 0 native plugins for Editor in 0.00 ms.
Mono: successfully reloaded assembly
- Completed reload, in  0.620 seconds
Platform modules already initialized, skipping
Shader 'WFX/Transparent Diffuse': fallback shader 'Particles/Alpha Blended' not found
Shader 'WFX/Transparent Specular': fallback shader 'Particles/Alpha Blended' not found
Refreshing native plugins compatible for Editor in 0.41 ms, found 0 plugins.
Preloading 0 native plugins for Editor in 0.00 ms.
Unloading 1534 Unused Serialized files (Serialized files now loaded: 0)
System memory in use before: 187.5 MB.
System memory in use after: 187.6 MB.

Unloading 10 unused Assets to reduce memory usage. Loaded Objects now: 2184.
Total: 1.701200 ms (FindLiveObjects: 0.144200 ms CreateObjectMapping: 0.031800 ms MarkObjects: 1.419400 ms  DeleteObjects: 0.104600 ms)

========================================================================
Received Prepare
Registering precompiled user dll's ...
Registered in 0.002356 seconds.
Begin MonoManager ReloadAssembly
Native extension for WindowsStandalone target not found
Refreshing native plugins compatible for Editor in 0.55 ms, found 0 plugins.
Preloading 0 native plugins for Editor in 0.00 ms.
Mono: successfully reloaded assembly
- Completed reload, in  0.637 seconds
Platform modules already initialized, skipping
Shader 'WFX/Transparent Diffuse': fallback shader 'Particles/Alpha Blended' not found
Shader 'WFX/Transparent Specular': fallback shader 'Particles/Alpha Blended' not found
Refreshing native plugins compatible for Editor in 0.46 ms, found 0 plugins.
Preloading 0 native plugins for Editor in 0.00 ms.
Unloading 1534 Unused Serialized files (Serialized files now loaded: 0)
System memory in use before: 187.5 MB.
System memory in use after: 187.6 MB.

Unloading 10 unused Assets to reduce memory usage. Loaded Objects now: 2188.
Total: 1.511700 ms (FindLiveObjects: 0.136000 ms CreateObjectMapping: 0.029900 ms MarkObjects: 1.254000 ms  DeleteObjects: 0.091100 ms)

========================================================================
Received Prepare
Registering precompiled user dll's ...
Registered in 0.002219 seconds.
Begin MonoManager ReloadAssembly
Native extension for WindowsStandalone target not found
Refreshing native plugins compatible for Editor in 0.47 ms, found 0 plugins.
Preloading 0 native plugins for Editor in 0.00 ms.
Mono: successfully reloaded assembly
- Completed reload, in  0.603 seconds
Platform modules already initialized, skipping
Shader 'WFX/Transparent Diffuse': fallback shader 'Particles/Alpha Blended' not found
Shader 'WFX/Transparent Specular': fallback shader 'Particles/Alpha Blended' not found
Refreshing native plugins compatible for Editor in 0.40 ms, found 0 plugins.
Preloading 0 native plugins for Editor in 0.00 ms.
Unloading 1534 Unused Serialized files (Serialized files now loaded: 0)
System memory in use before: 187.6 MB.
System memory in use after: 187.6 MB.

Unloading 10 unused Assets to reduce memory usage. Loaded Objects now: 2192.
Total: 1.475600 ms (FindLiveObjects: 0.132400 ms CreateObjectMapping: 0.027600 ms MarkObjects: 1.231800 ms  DeleteObjects: 0.082900 ms)

========================================================================
Received Prepare
Registering precompiled user dll's ...
Registered in 0.001890 seconds.
Begin MonoManager ReloadAssembly
Native extension for WindowsStandalone target not found
Refreshing native plugins compatible for Editor in 0.52 ms, found 0 plugins.
Preloading 0 native plugins for Editor in 0.00 ms.
Mono: successfully reloaded assembly
- Completed reload, in  0.703 seconds
Platform modules already initialized, skipping
Shader 'WFX/Transparent Diffuse': fallback shader 'Particles/Alpha Blended' not found
Shader 'WFX/Transparent Specular': fallback shader 'Particles/Alpha Blended' not found
Refreshing native plugins compatible for Editor in 0.76 ms, found 0 plugins.
Preloading 0 native plugins for Editor in 0.00 ms.
Unloading 1534 Unused Serialized files (Serialized files now loaded: 0)
System memory in use before: 187.6 MB.
System memory in use after: 187.6 MB.

Unloading 10 unused Assets to reduce memory usage. Loaded Objects now: 2196.
Total: 2.525400 ms (FindLiveObjects: 0.402500 ms CreateObjectMapping: 0.063700 ms MarkObjects: 1.912900 ms  DeleteObjects: 0.144200 ms)

========================================================================
Received Prepare
Registering precompiled user dll's ...
Registered in 0.001518 seconds.
Begin MonoManager ReloadAssembly
Native extension for WindowsStandalone target not found
Refreshing native plugins compatible for Editor in 0.51 ms, found 0 plugins.
Preloading 0 native plugins for Editor in 0.00 ms.
Mono: successfully reloaded assembly
- Completed reload, in  0.629 seconds
Platform modules already initialized, skipping
Shader 'WFX/Transparent Diffuse': fallback shader 'Particles/Alpha Blended' not found
Shader 'WFX/Transparent Specular': fallback shader 'Particles/Alpha Blended' not found
Refreshing native plugins compatible for Editor in 0.42 ms, found 0 plugins.
Preloading 0 native plugins for Editor in 0.00 ms.
Unloading 1534 Unused Serialized files (Serialized files now loaded: 0)
System memory in use before: 187.6 MB.
System memory in use after: 187.7 MB.

Unloading 10 unused Assets to reduce memory usage. Loaded Objects now: 2200.
Total: 1.538600 ms (FindLiveObjects: 0.138200 ms CreateObjectMapping: 0.032100 ms MarkObjects: 1.275500 ms  DeleteObjects: 0.091900 ms)

========================================================================
Received Prepare
Registering precompiled user dll's ...
Registered in 0.001442 seconds.
Begin MonoManager ReloadAssembly
Native extension for WindowsStandalone target not found
Refreshing native plugins compatible for Editor in 0.46 ms, found 0 plugins.
Preloading 0 native plugins for Editor in 0.00 ms.
Mono: successfully reloaded assembly
- Completed reload, in  0.621 seconds
Platform modules already initialized, skipping
Shader 'WFX/Transparent Diffuse': fallback shader 'Particles/Alpha Blended' not found
Shader 'WFX/Transparent Specular': fallback shader 'Particles/Alpha Blended' not found
Refreshing native plugins compatible for Editor in 0.58 ms, found 0 plugins.
Preloading 0 native plugins for Editor in 0.00 ms.
Unloading 1534 Unused Serialized files (Serialized files now loaded: 0)
System memory in use before: 187.6 MB.
System memory in use after: 187.7 MB.

Unloading 10 unused Assets to reduce memory usage. Loaded Objects now: 2204.
Total: 1.503400 ms (FindLiveObjects: 0.138500 ms CreateObjectMapping: 0.028300 ms MarkObjects: 1.241900 ms  DeleteObjects: 0.093800 ms)

========================================================================
Received Prepare
Registering precompiled user dll's ...
Registered in 0.001257 seconds.
Begin MonoManager ReloadAssembly
Native extension for WindowsStandalone target not found
Refreshing native plugins compatible for Editor in 0.48 ms, found 0 plugins.
Preloading 0 native plugins for Editor in 0.00 ms.
Mono: successfully reloaded assembly
- Completed reload, in  0.628 seconds
Platform modules already initialized, skipping
Shader 'WFX/Transparent Diffuse': fallback shader 'Particles/Alpha Blended' not found
Shader 'WFX/Transparent Specular': fallback shader 'Particles/Alpha Blended' not found
Refreshing native plugins compatible for Editor in 0.59 ms, found 0 plugins.
Preloading 0 native plugins for Editor in 0.00 ms.
Unloading 1534 Unused Serialized files (Serialized files now loaded: 0)
System memory in use before: 187.6 MB.
System memory in use after: 187.7 MB.

Unloading 10 unused Assets to reduce memory usage. Loaded Objects now: 2208.
Total: 1.506000 ms (FindLiveObjects: 0.133200 ms CreateObjectMapping: 0.030100 ms MarkObjects: 1.253400 ms  DeleteObjects: 0.088600 ms)

========================================================================
Received Prepare
Registering precompiled user dll's ...
Registered in 0.001380 seconds.
Begin MonoManager ReloadAssembly
Native extension for WindowsStandalone target not found
Refreshing native plugins compatible for Editor in 0.52 ms, found 0 plugins.
Preloading 0 native plugins for Editor in 0.00 ms.
Mono: successfully reloaded assembly
- Completed reload, in  0.625 seconds
Platform modules already initialized, skipping
Shader 'WFX/Transparent Diffuse': fallback shader 'Particles/Alpha Blended' not found
Shader 'WFX/Transparent Specular': fallback shader 'Particles/Alpha Blended' not found
Refreshing native plugins compatible for Editor in 0.45 ms, found 0 plugins.
Preloading 0 native plugins for Editor in 0.00 ms.
Unloading 1534 Unused Serialized files (Serialized files now loaded: 0)
System memory in use before: 187.6 MB.
System memory in use after: 187.7 MB.

Unloading 10 unused Assets to reduce memory usage. Loaded Objects now: 2212.
Total: 1.580100 ms (FindLiveObjects: 0.133200 ms CreateObjectMapping: 0.027300 ms MarkObjects: 1.331400 ms  DeleteObjects: 0.087400 ms)

========================================================================
Received Prepare
Registering precompiled user dll's ...
Registered in 0.001400 seconds.
Begin MonoManager ReloadAssembly
Native extension for WindowsStandalone target not found
Refreshing native plugins compatible for Editor in 0.50 ms, found 0 plugins.
Preloading 0 native plugins for Editor in 0.00 ms.
Mono: successfully reloaded assembly
- Completed reload, in  0.623 seconds
Platform modules already initialized, skipping
Shader 'WFX/Transparent Diffuse': fallback shader 'Particles/Alpha Blended' not found
Shader 'WFX/Transparent Specular': fallback shader 'Particles/Alpha Blended' not found
Refreshing native plugins compatible for Editor in 0.41 ms, found 0 plugins.
Preloading 0 native plugins for Editor in 0.00 ms.
Unloading 1534 Unused Serialized files (Serialized files now loaded: 0)
System memory in use before: 187.6 MB.
System memory in use after: 187.7 MB.

Unloading 10 unused Assets to reduce memory usage. Loaded Objects now: 2216.
Total: 1.504600 ms (FindLiveObjects: 0.150800 ms CreateObjectMapping: 0.035200 ms MarkObjects: 1.232700 ms  DeleteObjects: 0.085100 ms)

========================================================================
Received Prepare
Registering precompiled user dll's ...
Registered in 0.001930 seconds.
Begin MonoManager ReloadAssembly
Native extension for WindowsStandalone target not found
Refreshing native plugins compatible for Editor in 0.53 ms, found 0 plugins.
Preloading 0 native plugins for Editor in 0.00 ms.
Mono: successfully reloaded assembly
- Completed reload, in  0.607 seconds
Platform modules already initialized, skipping
Shader 'WFX/Transparent Diffuse': fallback shader 'Particles/Alpha Blended' not found
Shader 'WFX/Transparent Specular': fallback shader 'Particles/Alpha Blended' not found
Refreshing native plugins compatible for Editor in 0.46 ms, found 0 plugins.
Preloading 0 native plugins for Editor in 0.00 ms.
Unloading 1534 Unused Serialized files (Serialized files now loaded: 0)
System memory in use before: 187.6 MB.
System memory in use after: 187.7 MB.

Unloading 10 unused Assets to reduce memory usage. Loaded Objects now: 2220.
Total: 1.576900 ms (FindLiveObjects: 0.206100 ms CreateObjectMapping: 0.040500 ms MarkObjects: 1.238600 ms  DeleteObjects: 0.090900 ms)

========================================================================
Received Prepare
Registering precompiled user dll's ...
Registered in 0.001379 seconds.
Begin MonoManager ReloadAssembly
Native extension for WindowsStandalone target not found
Refreshing native plugins compatible for Editor in 0.40 ms, found 0 plugins.
Preloading 0 native plugins for Editor in 0.00 ms.
Mono: successfully reloaded assembly
- Completed reload, in  0.583 seconds
Platform modules already initialized, skipping
Shader 'WFX/Transparent Diffuse': fallback shader 'Particles/Alpha Blended' not found
Shader 'WFX/Transparent Specular': fallback shader 'Particles/Alpha Blended' not found
Refreshing native plugins compatible for Editor in 0.41 ms, found 0 plugins.
Preloading 0 native plugins for Editor in 0.00 ms.
Unloading 1534 Unused Serialized files (Serialized files now loaded: 0)
System memory in use before: 187.6 MB.
System memory in use after: 187.7 MB.

Unloading 10 unused Assets to reduce memory usage. Loaded Objects now: 2224.
Total: 1.491200 ms (FindLiveObjects: 0.135000 ms CreateObjectMapping: 0.031700 ms MarkObjects: 1.234600 ms  DeleteObjects: 0.088900 ms)

========================================================================
Received Prepare
Registering precompiled user dll's ...
Registered in 0.001278 seconds.
Begin MonoManager ReloadAssembly
Native extension for WindowsStandalone target not found
Refreshing native plugins compatible for Editor in 0.40 ms, found 0 plugins.
Preloading 0 native plugins for Editor in 0.00 ms.
Mono: successfully reloaded assembly
- Completed reload, in  0.637 seconds
Platform modules already initialized, skipping
Shader 'WFX/Transparent Diffuse': fallback shader 'Particles/Alpha Blended' not found
Shader 'WFX/Transparent Specular': fallback shader 'Particles/Alpha Blended' not found
Refreshing native plugins compatible for Editor in 0.41 ms, found 0 plugins.
Preloading 0 native plugins for Editor in 0.00 ms.
Unloading 1534 Unused Serialized files (Serialized files now loaded: 0)
System memory in use before: 187.6 MB.
System memory in use after: 187.7 MB.

Unloading 10 unused Assets to reduce memory usage. Loaded Objects now: 2228.
Total: 1.437600 ms (FindLiveObjects: 0.130300 ms CreateObjectMapping: 0.029400 ms MarkObjects: 1.194900 ms  DeleteObjects: 0.082300 ms)

========================================================================
Received Prepare
Registering precompiled user dll's ...
Registered in 0.001322 seconds.
Begin MonoManager ReloadAssembly
Native extension for WindowsStandalone target not found
Refreshing native plugins compatible for Editor in 0.45 ms, found 0 plugins.
Preloading 0 native plugins for Editor in 0.00 ms.
Mono: successfully reloaded assembly
- Completed reload, in  0.578 seconds
Platform modules already initialized, skipping
Shader 'WFX/Transparent Diffuse': fallback shader 'Particles/Alpha Blended' not found
Shader 'WFX/Transparent Specular': fallback shader 'Particles/Alpha Blended' not found
Refreshing native plugins compatible for Editor in 0.40 ms, found 0 plugins.
Preloading 0 native plugins for Editor in 0.00 ms.
Unloading 1534 Unused Serialized files (Serialized files now loaded: 0)
System memory in use before: 187.6 MB.
System memory in use after: 187.7 MB.

Unloading 10 unused Assets to reduce memory usage. Loaded Objects now: 2232.
Total: 1.584600 ms (FindLiveObjects: 0.129400 ms CreateObjectMapping: 0.027000 ms MarkObjects: 1.325700 ms  DeleteObjects: 0.101600 ms)

========================================================================
Received Import Request.
  Time since last request: 2698.423567 seconds.
  path: Assets/Character/PLAYER.prefab
  artifactKey: Guid(c480a373f1c56dd4781ce965d7c50c5f) Importer(815301076,1909f56bfc062723c751e8b465ee728b)
Start importing Assets/Character/PLAYER.prefab using Guid(c480a373f1c56dd4781ce965d7c50c5f) Importer(815301076,1909f56bfc062723c751e8b465ee728b)  -> (artifact id: '9ff5b41d199a7d60d904c293cbd75a17') in 0.560244 seconds
  Import took 0.567406 seconds .

========================================================================
Received Prepare
Registering precompiled user dll's ...
Registered in 0.001325 seconds.
Begin MonoManager ReloadAssembly
Native extension for WindowsStandalone target not found
Refreshing native plugins compatible for Editor in 0.43 ms, found 0 plugins.
Preloading 0 native plugins for Editor in 0.00 ms.
Mono: successfully reloaded assembly
- Completed reload, in  0.549 seconds
Platform modules already initialized, skipping
Shader 'WFX/Transparent Diffuse': fallback shader 'Particles/Alpha Blended' not found
Shader 'WFX/Transparent Specular': fallback shader 'Particles/Alpha Blended' not found
Refreshing native plugins compatible for Editor in 0.40 ms, found 0 plugins.
Preloading 0 native plugins for Editor in 0.00 ms.
Unloading 1534 Unused Serialized files (Serialized files now loaded: 0)
System memory in use before: 187.7 MB.
System memory in use after: 187.7 MB.

Unloading 10 unused Assets to reduce memory usage. Loaded Objects now: 2237.
Total: 1.716400 ms (FindLiveObjects: 0.156300 ms CreateObjectMapping: 0.030800 ms MarkObjects: 1.433000 ms  DeleteObjects: 0.095400 ms)

========================================================================
Received Import Request.
  Time since last request: 16.296953 seconds.
  path: Assets/Character/PLAYER.prefab
  artifactKey: Guid(c480a373f1c56dd4781ce965d7c50c5f) Importer(815301076,1909f56bfc062723c751e8b465ee728b)
Start importing Assets/Character/PLAYER.prefab using Guid(c480a373f1c56dd4781ce965d7c50c5f) Importer(815301076,1909f56bfc062723c751e8b465ee728b)  -> (artifact id: '3356966127932b3203dcf79c3e758e81') in 0.183804 seconds
  Import took 0.190252 seconds .

========================================================================
Received Import Request.
  Time since last request: 2.017015 seconds.
  path: Assets/Character/PLAYER.prefab
  artifactKey: Guid(c480a373f1c56dd4781ce965d7c50c5f) Importer(815301076,1909f56bfc062723c751e8b465ee728b)
Start importing Assets/Character/PLAYER.prefab using Guid(c480a373f1c56dd4781ce965d7c50c5f) Importer(815301076,1909f56bfc062723c751e8b465ee728b)  -> (artifact id: 'e7890dd04aa4072bdb55296659489a43') in 0.122708 seconds
  Import took 0.129499 seconds .

========================================================================
Received Prepare
Registering precompiled user dll's ...
Registered in 0.001233 seconds.
Begin MonoManager ReloadAssembly
Native extension for WindowsStandalone target not found
Refreshing native plugins compatible for Editor in 0.39 ms, found 0 plugins.
Preloading 0 native plugins for Editor in 0.00 ms.
Mono: successfully reloaded assembly
- Completed reload, in  0.561 seconds
Platform modules already initialized, skipping
Shader 'WFX/Transparent Diffuse': fallback shader 'Particles/Alpha Blended' not found
Shader 'WFX/Transparent Specular': fallback shader 'Particles/Alpha Blended' not found
Refreshing native plugins compatible for Editor in 0.49 ms, found 0 plugins.
Preloading 0 native plugins for Editor in 0.00 ms.
Unloading 1534 Unused Serialized files (Serialized files now loaded: 0)
System memory in use before: 187.7 MB.
System memory in use after: 187.8 MB.

Unloading 10 unused Assets to reduce memory usage. Loaded Objects now: 2242.
Total: 2.057600 ms (FindLiveObjects: 0.162000 ms CreateObjectMapping: 0.030900 ms MarkObjects: 1.738900 ms  DeleteObjects: 0.124400 ms)

========================================================================
Received Prepare
Registering precompiled user dll's ...
Registered in 0.001279 seconds.
Begin MonoManager ReloadAssembly
Native extension for WindowsStandalone target not found
Refreshing native plugins compatible for Editor in 0.66 ms, found 0 plugins.
Preloading 0 native plugins for Editor in 0.00 ms.
Mono: successfully reloaded assembly
- Completed reload, in  0.706 seconds
Platform modules already initialized, skipping
Shader 'WFX/Transparent Diffuse': fallback shader 'Particles/Alpha Blended' not found
Shader 'WFX/Transparent Specular': fallback shader 'Particles/Alpha Blended' not found
Refreshing native plugins compatible for Editor in 0.41 ms, found 0 plugins.
Preloading 0 native plugins for Editor in 0.00 ms.
Unloading 1534 Unused Serialized files (Serialized files now loaded: 0)
System memory in use before: 187.7 MB.
System memory in use after: 187.8 MB.

Unloading 10 unused Assets to reduce memory usage. Loaded Objects now: 2246.
Total: 1.682000 ms (FindLiveObjects: 0.140300 ms CreateObjectMapping: 0.027200 ms MarkObjects: 1.398400 ms  DeleteObjects: 0.114900 ms)

========================================================================
Received Prepare
Registering precompiled user dll's ...
Registered in 0.002253 seconds.
Begin MonoManager ReloadAssembly
Native extension for WindowsStandalone target not found
Refreshing native plugins compatible for Editor in 0.45 ms, found 0 plugins.
Preloading 0 native plugins for Editor in 0.00 ms.
Mono: successfully reloaded assembly
- Completed reload, in  0.649 seconds
Platform modules already initialized, skipping
Shader 'WFX/Transparent Diffuse': fallback shader 'Particles/Alpha Blended' not found
Shader 'WFX/Transparent Specular': fallback shader 'Particles/Alpha Blended' not found
Refreshing native plugins compatible for Editor in 0.42 ms, found 0 plugins.
Preloading 0 native plugins for Editor in 0.00 ms.
Unloading 1534 Unused Serialized files (Serialized files now loaded: 0)
System memory in use before: 187.7 MB.
System memory in use after: 187.8 MB.

Unloading 10 unused Assets to reduce memory usage. Loaded Objects now: 2250.
Total: 1.871900 ms (FindLiveObjects: 0.160600 ms CreateObjectMapping: 0.035900 ms MarkObjects: 1.538600 ms  DeleteObjects: 0.135000 ms)

========================================================================
Received Prepare
Registering precompiled user dll's ...
Registered in 0.001218 seconds.
Begin MonoManager ReloadAssembly
Native extension for WindowsStandalone target not found
Refreshing native plugins compatible for Editor in 0.39 ms, found 0 plugins.
Preloading 0 native plugins for Editor in 0.00 ms.
Mono: successfully reloaded assembly
- Completed reload, in  0.541 seconds
Platform modules already initialized, skipping
Shader 'WFX/Transparent Diffuse': fallback shader 'Particles/Alpha Blended' not found
Shader 'WFX/Transparent Specular': fallback shader 'Particles/Alpha Blended' not found
Refreshing native plugins compatible for Editor in 0.43 ms, found 0 plugins.
Preloading 0 native plugins for Editor in 0.00 ms.
Unloading 1534 Unused Serialized files (Serialized files now loaded: 0)
System memory in use before: 187.7 MB.
System memory in use after: 187.8 MB.

Unloading 10 unused Assets to reduce memory usage. Loaded Objects now: 2254.
Total: 1.644800 ms (FindLiveObjects: 0.144700 ms CreateObjectMapping: 0.029300 ms MarkObjects: 1.377400 ms  DeleteObjects: 0.092600 ms)

========================================================================
Received Import Request.
  Time since last request: 234.485340 seconds.
  path: Assets/Prefabs/Canvas UI.prefab
  artifactKey: Guid(081df2de0db47ae4a9105c0104bf435e) Importer(815301076,1909f56bfc062723c751e8b465ee728b)
Start importing Assets/Prefabs/Canvas UI.prefab using Guid(081df2de0db47ae4a9105c0104bf435e) Importer(815301076,1909f56bfc062723c751e8b465ee728b)  -> (artifact id: '74f473b611fb6eac3040e04907184c4e') in 0.143033 seconds
  Import took 0.145810 seconds .

========================================================================
Received Import Request.
  Time since last request: 21.328871 seconds.
  path: Assets/Prefabs/InputManager.prefab
  artifactKey: Guid(9a1f0d432329f0144bd2d9013fe01a8e) Importer(815301076,1909f56bfc062723c751e8b465ee728b)
Start importing Assets/Prefabs/InputManager.prefab using Guid(9a1f0d432329f0144bd2d9013fe01a8e) Importer(815301076,1909f56bfc062723c751e8b465ee728b)  -> (artifact id: 'ba3ca4d5acd27289f020eb3d958bac29') in 0.007910 seconds
  Import took 0.010453 seconds .

========================================================================
Received Import Request.
  Time since last request: 0.008857 seconds.
  path: Assets/Prefabs/InputManager.prefab
  artifactKey: Guid(9a1f0d432329f0144bd2d9013fe01a8e) Importer(815301076,1909f56bfc062723c751e8b465ee728b)
Start importing Assets/Prefabs/InputManager.prefab using Guid(9a1f0d432329f0144bd2d9013fe01a8e) Importer(815301076,1909f56bfc062723c751e8b465ee728b)  -> (artifact id: 'ba3ca4d5acd27289f020eb3d958bac29') in 0.003714 seconds
  Import took 0.006305 seconds .

========================================================================
Received Import Request.
  Time since last request: 6.099780 seconds.
  path: Assets/Prefabs/ImpactsAndHoles.prefab
  artifactKey: Guid(79a99e477f090ab4e805918e8ba363f2) Importer(815301076,1909f56bfc062723c751e8b465ee728b)
Start importing Assets/Prefabs/ImpactsAndHoles.prefab using Guid(79a99e477f090ab4e805918e8ba363f2) Importer(815301076,1909f56bfc062723c751e8b465ee728b)  -> (artifact id: 'f2599c01b155683b948820f3c7f0f90b') in 0.021832 seconds
  Import took 0.026601 seconds .

========================================================================
Received Import Request.
  Time since last request: 176.408897 seconds.
  path: Assets/Character/PLAYER.prefab
  artifactKey: Guid(c480a373f1c56dd4781ce965d7c50c5f) Importer(815301076,1909f56bfc062723c751e8b465ee728b)
Start importing Assets/Character/PLAYER.prefab using Guid(c480a373f1c56dd4781ce965d7c50c5f) Importer(815301076,1909f56bfc062723c751e8b465ee728b)  -> (artifact id: '888fc995532b77be6e1f8bda1dfdb6e3') in 0.158832 seconds
  Import took 0.164921 seconds .

========================================================================
Received Import Request.
  Time since last request: 23.729719 seconds.
  path: Assets/Scripts/Offline
  artifactKey: Guid(885d890f271f4684baef76a2b9c441dc) Importer(815301076,1909f56bfc062723c751e8b465ee728b)
Start importing Assets/Scripts/Offline using Guid(885d890f271f4684baef76a2b9c441dc) Importer(815301076,1909f56bfc062723c751e8b465ee728b)  -> (artifact id: '49d575413c24ed46f89b1e41495cf8e8') in 0.006714 seconds
  Import took 0.009379 seconds .

========================================================================
Received Import Request.
  Time since last request: 9.065300 seconds.
  path: Assets/Scripts/StartAndStopTest.cs
  artifactKey: Guid(a589d1a9c16262f4186d21fa5da4dcee) Importer(815301076,1909f56bfc062723c751e8b465ee728b)
Start importing Assets/Scripts/StartAndStopTest.cs using Guid(a589d1a9c16262f4186d21fa5da4dcee) Importer(815301076,1909f56bfc062723c751e8b465ee728b)  -> (artifact id: 'c33d94c5d54e93dbfd5f72c4fb470c17') in 0.009039 seconds
  Import took 0.011437 seconds .

========================================================================
Received Import Request.
  Time since last request: 2.683864 seconds.
  path: Assets/Scripts/GunInfo.cs
  artifactKey: Guid(8d11bc09d16016242a216177f7bd7672) Importer(815301076,1909f56bfc062723c751e8b465ee728b)
Start importing Assets/Scripts/GunInfo.cs using Guid(8d11bc09d16016242a216177f7bd7672) Importer(815301076,1909f56bfc062723c751e8b465ee728b)  -> (artifact id: '5e8d6882aa3edae8c0df877007d12913') in 0.006380 seconds
  Import took 0.008808 seconds .

========================================================================
Received Prepare
Registering precompiled user dll's ...
Registered in 0.001377 seconds.
Begin MonoManager ReloadAssembly
Native extension for WindowsStandalone target not found
Refreshing native plugins compatible for Editor in 0.54 ms, found 0 plugins.
Preloading 0 native plugins for Editor in 0.00 ms.
Mono: successfully reloaded assembly
- Completed reload, in  0.611 seconds
Platform modules already initialized, skipping
Shader 'WFX/Transparent Diffuse': fallback shader 'Particles/Alpha Blended' not found
Shader 'WFX/Transparent Specular': fallback shader 'Particles/Alpha Blended' not found
Refreshing native plugins compatible for Editor in 0.43 ms, found 0 plugins.
Preloading 0 native plugins for Editor in 0.00 ms.
Unloading 1534 Unused Serialized files (Serialized files now loaded: 0)
System memory in use before: 187.8 MB.
System memory in use after: 187.9 MB.

Unloading 11 unused Assets to reduce memory usage. Loaded Objects now: 2259.
Total: 1.564600 ms (FindLiveObjects: 0.139900 ms CreateObjectMapping: 0.028300 ms MarkObjects: 1.305300 ms  DeleteObjects: 0.089600 ms)

========================================================================
Received Prepare
Registering precompiled user dll's ...
Registered in 0.001477 seconds.
Begin MonoManager ReloadAssembly
Native extension for WindowsStandalone target not found
Refreshing native plugins compatible for Editor in 0.43 ms, found 0 plugins.
Preloading 0 native plugins for Editor in 0.00 ms.
Mono: successfully reloaded assembly
- Completed reload, in  0.595 seconds
Platform modules already initialized, skipping
Shader 'WFX/Transparent Diffuse': fallback shader 'Particles/Alpha Blended' not found
Shader 'WFX/Transparent Specular': fallback shader 'Particles/Alpha Blended' not found
Refreshing native plugins compatible for Editor in 0.43 ms, found 0 plugins.
Preloading 0 native plugins for Editor in 0.00 ms.
Unloading 1534 Unused Serialized files (Serialized files now loaded: 0)
System memory in use before: 187.8 MB.
System memory in use after: 187.9 MB.

Unloading 10 unused Assets to reduce memory usage. Loaded Objects now: 2263.
Total: 1.842900 ms (FindLiveObjects: 0.159500 ms CreateObjectMapping: 0.029000 ms MarkObjects: 1.548500 ms  DeleteObjects: 0.105000 ms)

========================================================================
Received Import Request.
  Time since last request: 56.664216 seconds.
  path: Assets/Scripts/Online
  artifactKey: Guid(600d5898068beb74a900b9e1c95453f5) Importer(815301076,1909f56bfc062723c751e8b465ee728b)
Start importing Assets/Scripts/Online using Guid(600d5898068beb74a900b9e1c95453f5) Importer(815301076,1909f56bfc062723c751e8b465ee728b)  -> (artifact id: '7755c4b2976ff80cc7746bf781a2ecb3') in 0.009379 seconds
  Import took 0.011957 seconds .

========================================================================
Received Prepare
Registering precompiled user dll's ...
Registered in 0.001349 seconds.
Begin MonoManager ReloadAssembly
Native extension for WindowsStandalone target not found
Refreshing native plugins compatible for Editor in 0.47 ms, found 0 plugins.
Preloading 0 native plugins for Editor in 0.00 ms.
Mono: successfully reloaded assembly
- Completed reload, in  0.585 seconds
Platform modules already initialized, skipping
Shader 'WFX/Transparent Diffuse': fallback shader 'Particles/Alpha Blended' not found
Shader 'WFX/Transparent Specular': fallback shader 'Particles/Alpha Blended' not found
Refreshing native plugins compatible for Editor in 0.41 ms, found 0 plugins.
Preloading 0 native plugins for Editor in 0.00 ms.
Unloading 1534 Unused Serialized files (Serialized files now loaded: 0)
System memory in use before: 187.8 MB.
System memory in use after: 187.9 MB.

Unloading 10 unused Assets to reduce memory usage. Loaded Objects now: 2267.
Total: 1.548500 ms (FindLiveObjects: 0.137500 ms CreateObjectMapping: 0.032300 ms MarkObjects: 1.286700 ms  DeleteObjects: 0.091100 ms)

========================================================================
Received Prepare
Registering precompiled user dll's ...
Registered in 0.001485 seconds.
Begin MonoManager ReloadAssembly
Native extension for WindowsStandalone target not found
Refreshing native plugins compatible for Editor in 0.45 ms, found 0 plugins.
Preloading 0 native plugins for Editor in 0.00 ms.
Mono: successfully reloaded assembly
- Completed reload, in  0.569 seconds
Platform modules already initialized, skipping
Shader 'WFX/Transparent Diffuse': fallback shader 'Particles/Alpha Blended' not found
Shader 'WFX/Transparent Specular': fallback shader 'Particles/Alpha Blended' not found
Refreshing native plugins compatible for Editor in 0.42 ms, found 0 plugins.
Preloading 0 native plugins for Editor in 0.00 ms.
Unloading 1534 Unused Serialized files (Serialized files now loaded: 0)
System memory in use before: 187.8 MB.
System memory in use after: 187.9 MB.

Unloading 10 unused Assets to reduce memory usage. Loaded Objects now: 2271.
Total: 1.607900 ms (FindLiveObjects: 0.147300 ms CreateObjectMapping: 0.025500 ms MarkObjects: 1.324100 ms  DeleteObjects: 0.110300 ms)

========================================================================
Received Import Request.
  Time since last request: 124.247776 seconds.
  path: Assets/Character/Weapon Items
  artifactKey: Guid(03a63b7d11dc1f8499c4ff3f3ae706ed) Importer(815301076,1909f56bfc062723c751e8b465ee728b)
Start importing Assets/Character/Weapon Items using Guid(03a63b7d11dc1f8499c4ff3f3ae706ed) Importer(815301076,1909f56bfc062723c751e8b465ee728b)  -> (artifact id: '284365baf919f9a5a70858486b52076e') in 0.009595 seconds
  Import took 0.012519 seconds .

========================================================================
Received Import Request.
  Time since last request: 84.511268 seconds.
  path: Assets/Character/Player
  artifactKey: Guid(a305c3b7cc15cd349be67ad2691ac6d5) Importer(815301076,1909f56bfc062723c751e8b465ee728b)
Start importing Assets/Character/Player using Guid(a305c3b7cc15cd349be67ad2691ac6d5) Importer(815301076,1909f56bfc062723c751e8b465ee728b)  -> (artifact id: '53ab98f583b9c4d5fc95b55a1fa0e342') in 0.007586 seconds
  Import took 0.010559 seconds .

========================================================================
Received Prepare
Registering precompiled user dll's ...
Registered in 0.001191 seconds.
Begin MonoManager ReloadAssembly
Native extension for WindowsStandalone target not found
Refreshing native plugins compatible for Editor in 0.67 ms, found 0 plugins.
Preloading 0 native plugins for Editor in 0.00 ms.
Mono: successfully reloaded assembly
- Completed reload, in  0.565 seconds
Platform modules already initialized, skipping
Shader 'WFX/Transparent Diffuse': fallback shader 'Particles/Alpha Blended' not found
Shader 'WFX/Transparent Specular': fallback shader 'Particles/Alpha Blended' not found
Refreshing native plugins compatible for Editor in 0.42 ms, found 0 plugins.
Preloading 0 native plugins for Editor in 0.00 ms.
Unloading 1534 Unused Serialized files (Serialized files now loaded: 0)
System memory in use before: 187.8 MB.
System memory in use after: 187.9 MB.

Unloading 10 unused Assets to reduce memory usage. Loaded Objects now: 2275.
Total: 1.529200 ms (FindLiveObjects: 0.137700 ms CreateObjectMapping: 0.026700 ms MarkObjects: 1.276200 ms  DeleteObjects: 0.087800 ms)

========================================================================
Received Import Request.
  Time since last request: 25.732259 seconds.
  path: Assets/Characters
  artifactKey: Guid(0da64491407ba0443adfc091a3472c09) Importer(815301076,1909f56bfc062723c751e8b465ee728b)
Start importing Assets/Characters using Guid(0da64491407ba0443adfc091a3472c09) Importer(815301076,1909f56bfc062723c751e8b465ee728b)  -> (artifact id: 'c02ec4cde726406954deeedb09393d70') in 0.010920 seconds
  Import took 0.013670 seconds .

========================================================================
Received Prepare
Registering precompiled user dll's ...
Registered in 0.001157 seconds.
Begin MonoManager ReloadAssembly
Native extension for WindowsStandalone target not found
Refreshing native plugins compatible for Editor in 0.42 ms, found 0 plugins.
Preloading 0 native plugins for Editor in 0.00 ms.
Mono: successfully reloaded assembly
- Completed reload, in  0.591 seconds
Platform modules already initialized, skipping
Shader 'WFX/Transparent Diffuse': fallback shader 'Particles/Alpha Blended' not found
Shader 'WFX/Transparent Specular': fallback shader 'Particles/Alpha Blended' not found
Refreshing native plugins compatible for Editor in 0.46 ms, found 0 plugins.
Preloading 0 native plugins for Editor in 0.00 ms.
Unloading 1534 Unused Serialized files (Serialized files now loaded: 0)
System memory in use before: 187.8 MB.
System memory in use after: 187.9 MB.

Unloading 10 unused Assets to reduce memory usage. Loaded Objects now: 2279.
Total: 1.682000 ms (FindLiveObjects: 0.164800 ms CreateObjectMapping: 0.029600 ms MarkObjects: 1.396100 ms  DeleteObjects: 0.090300 ms)

========================================================================
Received Prepare
Registering precompiled user dll's ...
Registered in 0.002185 seconds.
Begin MonoManager ReloadAssembly
Native extension for WindowsStandalone target not found
Refreshing native plugins compatible for Editor in 0.57 ms, found 0 plugins.
Preloading 0 native plugins for Editor in 0.00 ms.
Mono: successfully reloaded assembly
- Completed reload, in  0.738 seconds
Platform modules already initialized, skipping
Shader 'WFX/Transparent Diffuse': fallback shader 'Particles/Alpha Blended' not found
Shader 'WFX/Transparent Specular': fallback shader 'Particles/Alpha Blended' not found
Refreshing native plugins compatible for Editor in 0.60 ms, found 0 plugins.
Preloading 0 native plugins for Editor in 0.00 ms.
Unloading 1534 Unused Serialized files (Serialized files now loaded: 0)
System memory in use before: 187.8 MB.
System memory in use after: 187.9 MB.

Unloading 10 unused Assets to reduce memory usage. Loaded Objects now: 2283.
Total: 1.521200 ms (FindLiveObjects: 0.144600 ms CreateObjectMapping: 0.028600 ms MarkObjects: 1.259400 ms  DeleteObjects: 0.087800 ms)

========================================================================
Received Import Request.
  Time since last request: 104.003358 seconds.
  path: Assets/Scenes/FirstPersonController.unity
  artifactKey: Guid(027f5cc008e2f1c4890f37dc49486b55) Importer(815301076,1909f56bfc062723c751e8b465ee728b)
Start importing Assets/Scenes/FirstPersonController.unity using Guid(027f5cc008e2f1c4890f37dc49486b55) Importer(815301076,1909f56bfc062723c751e8b465ee728b)  -> (artifact id: '4284569580b80104929de77226f88938') in 0.100320 seconds
  Import took 0.102741 seconds .

========================================================================
Received Import Request.
  Time since last request: 5.153008 seconds.
  path: Assets/Scenes/NewController
  artifactKey: Guid(40e0b038015bc4c439e9c72c1f809c9a) Importer(815301076,1909f56bfc062723c751e8b465ee728b)
Start importing Assets/Scenes/NewController using Guid(40e0b038015bc4c439e9c72c1f809c9a) Importer(815301076,1909f56bfc062723c751e8b465ee728b)  -> (artifact id: 'f99d7be8bea3cc7c33d1f41b21d21907') in 0.007649 seconds
  Import took 0.010100 seconds .

========================================================================
Received Import Request.
  Time since last request: 0.076980 seconds.
  path: Assets/Scenes/NewController/LightingData.asset
  artifactKey: Guid(9261c90cd054e9e4da4cc29529d15d39) Importer(815301076,1909f56bfc062723c751e8b465ee728b)
Start importing Assets/Scenes/NewController/LightingData.asset using Guid(9261c90cd054e9e4da4cc29529d15d39) Importer(815301076,1909f56bfc062723c751e8b465ee728b)  -> (artifact id: '43a71e0e45df6df8de3ad8772e1f3c29') in 0.010192 seconds
  Import took 0.012537 seconds .

========================================================================
Received Import Request.
  Time since last request: 0.000295 seconds.
  path: Assets/Scenes/NewController/ReflectionProbe-0.exr
  artifactKey: Guid(21081a6f4d283bd46a79668ad141fe83) Importer(815301076,1909f56bfc062723c751e8b465ee728b)
Start importing Assets/Scenes/NewController/ReflectionProbe-0.exr using Guid(21081a6f4d283bd46a79668ad141fe83) Importer(815301076,1909f56bfc062723c751e8b465ee728b)  -> (artifact id: '50a2c5ce78065ac597a3649bbb4e70a4') in 0.054306 seconds
  Import took 0.056665 seconds .

========================================================================
Received Prepare
Registering precompiled user dll's ...
Registered in 0.006300 seconds.
Begin MonoManager ReloadAssembly
Native extension for WindowsStandalone target not found
Refreshing native plugins compatible for Editor in 0.60 ms, found 0 plugins.
Preloading 0 native plugins for Editor in 0.00 ms.
Mono: successfully reloaded assembly
- Completed reload, in  1.150 seconds
Platform modules already initialized, skipping
Shader 'WFX/Transparent Diffuse': fallback shader 'Particles/Alpha Blended' not found
Shader 'WFX/Transparent Specular': fallback shader 'Particles/Alpha Blended' not found
Refreshing native plugins compatible for Editor in 0.76 ms, found 0 plugins.
Preloading 0 native plugins for Editor in 0.00 ms.
Unloading 1534 Unused Serialized files (Serialized files now loaded: 0)
System memory in use before: 188.1 MB.
System memory in use after: 188.2 MB.

Unloading 10 unused Assets to reduce memory usage. Loaded Objects now: 2313.
Total: 4.645400 ms (FindLiveObjects: 0.612600 ms CreateObjectMapping: 0.114500 ms MarkObjects: 3.740700 ms  DeleteObjects: 0.175300 ms)

AssetImportWorkerClient::OnTransportError - code=2 error=End of file
