Using pre-set license
Built from '2020.3/staging' branch; Version is '2020.3.9f1 (108be757e447) revision 1084391'; Using compiler version '192528614'; Build Type 'Release'
OS: 'Windows 10 Home; OS build 22000.556; Version 2009; 64bit' Language: 'en' Physical Memory: 16126 MB
BatchMode: 1, IsHumanControllingUs: 0, StartBugReporterOnCrash: 0, Is64bit: 1, IsPro: 0

 COMMAND LINE ARGUMENTS:
C:\Program Files\Unity\Hub\Editor\2020.3.9f1\Editor\Unity.exe
-adb2
-batchMode
-noUpm
-name
AssetImportWorker0
-projectPath
C:/Users/salva/Desktop/FMP/FPS_online
-logFile
Logs/AssetImportWorker0.log
-srvPort
57929
Successfully changed project path to: C:/Users/salva/Desktop/FMP/FPS_online
C:/Users/salva/Desktop/FMP/FPS_online
Using Asset Import Pipeline V2.
Refreshing native plugins compatible for Editor in 44.24 ms, found 0 plugins.
Preloading 0 native plugins for Editor in 0.00 ms.
Initialize engine version: 2020.3.9f1 (108be757e447)
[Subsystems] Discovering subsystems at path C:/Program Files/Unity/Hub/Editor/2020.3.9f1/Editor/Data/Resources/UnitySubsystems
[Subsystems] Discovering subsystems at path C:/Users/salva/Desktop/FMP/FPS_online/Assets
GfxDevice: creating device client; threaded=0
Direct3D:
    Version:  Direct3D 11.0 [level 11.1]
    Renderer: NVIDIA GeForce RTX 3060 Laptop GPU (ID=0x2560)
    Vendor:   
    VRAM:     6023 MB
    Driver:   30.0.15.1179
Shader 'WFX/Transparent Specular': fallback shader 'Particles/Alpha Blended' not found
Shader 'WFX/Transparent Diffuse': fallback shader 'Particles/Alpha Blended' not found
Initialize mono
Mono path[0] = 'C:/Program Files/Unity/Hub/Editor/2020.3.9f1/Editor/Data/Managed'
Mono path[1] = 'C:/Program Files/Unity/Hub/Editor/2020.3.9f1/Editor/Data/MonoBleedingEdge/lib/mono/unityjit'
Mono config path = 'C:/Program Files/Unity/Hub/Editor/2020.3.9f1/Editor/Data/MonoBleedingEdge/etc'
Using monoOptions --debugger-agent=transport=dt_socket,embedding=1,server=y,suspend=n,address=127.0.0.1:56448
Begin MonoManager ReloadAssembly
Registering precompiled unity dll's ...
Register platform support module: C:/Program Files/Unity/Hub/Editor/2020.3.9f1/Editor/Data/PlaybackEngines/WindowsStandaloneSupport/UnityEditor.WindowsStandalone.Extensions.dll
Registered in 0.001301 seconds.
Native extension for WindowsStandalone target not found
Refreshing native plugins compatible for Editor in 43.67 ms, found 0 plugins.
Preloading 0 native plugins for Editor in 0.00 ms.
Mono: successfully reloaded assembly
- Completed reload, in  1.760 seconds
Platform modules already initialized, skipping
Registering precompiled user dll's ...
Registered in 0.001999 seconds.
Begin MonoManager ReloadAssembly
Native extension for WindowsStandalone target not found
Refreshing native plugins compatible for Editor in 45.43 ms, found 0 plugins.
Preloading 0 native plugins for Editor in 0.00 ms.
Mono: successfully reloaded assembly
- Completed reload, in  0.999 seconds
Platform modules already initialized, skipping
========================================================================
Worker process is ready to serve import requests
Shader 'WFX/Transparent Diffuse': fallback shader 'Particles/Alpha Blended' not found
Shader 'WFX/Transparent Specular': fallback shader 'Particles/Alpha Blended' not found
Launched and connected shader compiler UnityShaderCompiler.exe after 0.04 seconds
Refreshing native plugins compatible for Editor in 0.55 ms, found 0 plugins.
Preloading 0 native plugins for Editor in 0.00 ms.
Unloading 1813 Unused Serialized files (Serialized files now loaded: 0)
System memory in use before: 197.6 MB.
System memory in use after: 197.5 MB.

Unloading 28 unused Assets to reduce memory usage. Loaded Objects now: 2296.
Total: 1.788100 ms (FindLiveObjects: 0.137800 ms CreateObjectMapping: 0.029500 ms MarkObjects: 1.325500 ms  DeleteObjects: 0.294500 ms)

========================================================================
Received Import Request.
  path: Assets/Scenes/Deathmatch map.unity
  artifactKey: Guid(14c9e36890028be46989b2b10f1ed01c) Importer(815301076,1909f56bfc062723c751e8b465ee728b)
Start importing Assets/Scenes/Deathmatch map.unity using Guid(14c9e36890028be46989b2b10f1ed01c) Importer(815301076,1909f56bfc062723c751e8b465ee728b)  -> (artifact id: '89674b56e36d8d803fd11b28bdcaf6e2') in 0.014673 seconds
  Import took 0.017953 seconds .

========================================================================
Received Import Request.
  Time since last request: 8.839208 seconds.
  path: Assets/Scenes/Map1/Map1.unity
  artifactKey: Guid(b65e7a9cb86cf994faa3c87d283d8624) Importer(815301076,1909f56bfc062723c751e8b465ee728b)
Start importing Assets/Scenes/Map1/Map1.unity using Guid(b65e7a9cb86cf994faa3c87d283d8624) Importer(815301076,1909f56bfc062723c751e8b465ee728b)  -> (artifact id: '9f5d7e151d89a91c646959f62f2b62dd') in 0.005112 seconds
  Import took 0.014488 seconds .

========================================================================
Received Import Request.
  Time since last request: 0.000414 seconds.
  path: Assets/Scenes/Map1/Map1.unity
  artifactKey: Guid(b65e7a9cb86cf994faa3c87d283d8624) Importer(815301076,1909f56bfc062723c751e8b465ee728b)
Start importing Assets/Scenes/Map1/Map1.unity using Guid(b65e7a9cb86cf994faa3c87d283d8624) Importer(815301076,1909f56bfc062723c751e8b465ee728b)  -> (artifact id: '9f5d7e151d89a91c646959f62f2b62dd') in 0.002134 seconds
  Import took 0.005085 seconds .

========================================================================
Received Prepare
Registering precompiled user dll's ...
Registered in 0.004235 seconds.
Begin MonoManager ReloadAssembly
Native extension for WindowsStandalone target not found
Refreshing native plugins compatible for Editor in 0.90 ms, found 0 plugins.
Preloading 0 native plugins for Editor in 0.00 ms.
Mono: successfully reloaded assembly
- Completed reload, in  1.041 seconds
Platform modules already initialized, skipping
Shader 'WFX/Transparent Diffuse': fallback shader 'Particles/Alpha Blended' not found
Shader 'WFX/Transparent Specular': fallback shader 'Particles/Alpha Blended' not found
Refreshing native plugins compatible for Editor in 0.66 ms, found 0 plugins.
Preloading 0 native plugins for Editor in 0.00 ms.
Unloading 1717 Unused Serialized files (Serialized files now loaded: 0)
System memory in use before: 188.7 MB.
System memory in use after: 188.6 MB.

Unloading 13 unused Assets to reduce memory usage. Loaded Objects now: 2300.
Total: 2.323300 ms (FindLiveObjects: 0.262300 ms CreateObjectMapping: 0.038100 ms MarkObjects: 1.618700 ms  DeleteObjects: 0.402700 ms)

========================================================================
Received Import Request.
  Time since last request: 22631.752857 seconds.
  path: Assets/Scenes/SinglePlayer.unity
  artifactKey: Guid(027f5cc008e2f1c4890f37dc49486b55) Importer(815301076,1909f56bfc062723c751e8b465ee728b)
Start importing Assets/Scenes/SinglePlayer.unity using Guid(027f5cc008e2f1c4890f37dc49486b55) Importer(815301076,1909f56bfc062723c751e8b465ee728b)  -> (artifact id: 'fba2a2728ef4d22e7f39a97e12edd929') in 0.389051 seconds
  Import took 0.434397 seconds .

========================================================================
Received Prepare
Registering precompiled user dll's ...
Registered in 0.001697 seconds.
Begin MonoManager ReloadAssembly
Native extension for WindowsStandalone target not found
Refreshing native plugins compatible for Editor in 0.60 ms, found 0 plugins.
Preloading 0 native plugins for Editor in 0.00 ms.
Mono: successfully reloaded assembly
- Completed reload, in  0.785 seconds
Platform modules already initialized, skipping
Shader 'WFX/Transparent Diffuse': fallback shader 'Particles/Alpha Blended' not found
Shader 'WFX/Transparent Specular': fallback shader 'Particles/Alpha Blended' not found
Refreshing native plugins compatible for Editor in 0.56 ms, found 0 plugins.
Preloading 0 native plugins for Editor in 0.00 ms.
Unloading 1717 Unused Serialized files (Serialized files now loaded: 0)
System memory in use before: 188.7 MB.
System memory in use after: 188.6 MB.

Unloading 13 unused Assets to reduce memory usage. Loaded Objects now: 2304.
Total: 2.101800 ms (FindLiveObjects: 0.136800 ms CreateObjectMapping: 0.032100 ms MarkObjects: 1.569000 ms  DeleteObjects: 0.362600 ms)

========================================================================
Received Prepare
Registering precompiled user dll's ...
Registered in 0.001489 seconds.
Begin MonoManager ReloadAssembly
Native extension for WindowsStandalone target not found
Refreshing native plugins compatible for Editor in 0.52 ms, found 0 plugins.
Preloading 0 native plugins for Editor in 0.00 ms.
Mono: successfully reloaded assembly
- Completed reload, in  0.716 seconds
Platform modules already initialized, skipping
Shader 'WFX/Transparent Diffuse': fallback shader 'Particles/Alpha Blended' not found
Shader 'WFX/Transparent Specular': fallback shader 'Particles/Alpha Blended' not found
Refreshing native plugins compatible for Editor in 0.52 ms, found 0 plugins.
Preloading 0 native plugins for Editor in 0.00 ms.
Unloading 1717 Unused Serialized files (Serialized files now loaded: 0)
System memory in use before: 188.8 MB.
System memory in use after: 188.6 MB.

Unloading 13 unused Assets to reduce memory usage. Loaded Objects now: 2308.
Total: 1.783600 ms (FindLiveObjects: 0.125700 ms CreateObjectMapping: 0.033400 ms MarkObjects: 1.341800 ms  DeleteObjects: 0.281900 ms)

========================================================================
Received Prepare
Registering precompiled user dll's ...
Registered in 0.002198 seconds.
Begin MonoManager ReloadAssembly
Native extension for WindowsStandalone target not found
Refreshing native plugins compatible for Editor in 0.67 ms, found 0 plugins.
Preloading 0 native plugins for Editor in 0.00 ms.
Mono: successfully reloaded assembly
- Completed reload, in  0.848 seconds
Platform modules already initialized, skipping
Shader 'WFX/Transparent Diffuse': fallback shader 'Particles/Alpha Blended' not found
Shader 'WFX/Transparent Specular': fallback shader 'Particles/Alpha Blended' not found
Refreshing native plugins compatible for Editor in 0.72 ms, found 0 plugins.
Preloading 0 native plugins for Editor in 0.00 ms.
Unloading 1717 Unused Serialized files (Serialized files now loaded: 0)
System memory in use before: 188.6 MB.
System memory in use after: 188.5 MB.

Unloading 13 unused Assets to reduce memory usage. Loaded Objects now: 2312.
Total: 2.194700 ms (FindLiveObjects: 0.153100 ms CreateObjectMapping: 0.034800 ms MarkObjects: 1.648300 ms  DeleteObjects: 0.356800 ms)

========================================================================
Received Import Request.
  Time since last request: 2178.041099 seconds.
  path: Assets/Scenes/Deathmatch map.unity
  artifactKey: Guid(14c9e36890028be46989b2b10f1ed01c) Importer(815301076,1909f56bfc062723c751e8b465ee728b)
Start importing Assets/Scenes/Deathmatch map.unity using Guid(14c9e36890028be46989b2b10f1ed01c) Importer(815301076,1909f56bfc062723c751e8b465ee728b)  -> (artifact id: '3c19d7803909f027d56dc8eb24af0d9b') in 0.386170 seconds
  Import took 0.396088 seconds .

========================================================================
Received Import Request.
  Time since last request: 69.296630 seconds.
  path: Assets/Prefabs/Online/Canvas UI.prefab
  artifactKey: Guid(90c2faa9255dbe847a49d87a0a06d793) Importer(815301076,1909f56bfc062723c751e8b465ee728b)
Start importing Assets/Prefabs/Online/Canvas UI.prefab using Guid(90c2faa9255dbe847a49d87a0a06d793) Importer(815301076,1909f56bfc062723c751e8b465ee728b)  -> (artifact id: '8d65f78362dd8752eb159a634fb99fd4') in 0.220715 seconds
  Import took 0.225755 seconds .

========================================================================
Received Import Request.
  Time since last request: 23.025495 seconds.
  path: Assets/Prefabs/Online/Canvas UI.prefab
  artifactKey: Guid(90c2faa9255dbe847a49d87a0a06d793) Importer(815301076,1909f56bfc062723c751e8b465ee728b)
Start importing Assets/Prefabs/Online/Canvas UI.prefab using Guid(90c2faa9255dbe847a49d87a0a06d793) Importer(815301076,1909f56bfc062723c751e8b465ee728b)  -> (artifact id: 'b841ec5565981a1493db516e52cfdebb') in 0.038989 seconds
  Import took 0.043794 seconds .

